[618] Log opened at 2023-03-16 11:04:15.456270
[814] Log opened at 2023-03-16 11:04:15.456766
[618] [Config] INFO: Trigger value for 'XDEBUG_TRIGGER' not found, falling back to 'XDEBUG_SESSION'
[814] [Config] INFO: Trigger value for 'XDEBUG_TRIGGER' not found, falling back to 'XDEBUG_SESSION'
[618] [Config] INFO: No shared secret: Activating
[814] [Config] INFO: No shared secret: Activating
[618] [Step Debug] INFO: Connecting to configured address/port: host.docker.internal:9003.
[814] [Step Debug] INFO: Connecting to configured address/port: host.docker.internal:9003.
[618] [Step Debug] INFO: Connected to debugging client: host.docker.internal:9003 (through xdebug.client_host/xdebug.client_port).
[814] [Step Debug] INFO: Connected to debugging client: host.docker.internal:9003 (through xdebug.client_host/xdebug.client_port).
[618] [Step Debug] -> <init xmlns="urn:debugger_protocol_v1" xmlns:xdebug="https://xdebug.org/dbgp/xdebug" fileuri="file:///srv/app/public/index.php" language="PHP" xdebug:language_version="8.1.16" protocol_version="1.0" appid="618" idekey="PHPSTORM"><engine version="3.2.0"><![CDATA[Xdebug]]></engine><author><![CDATA[Derick Rethans]]></author><url><![CDATA[https://xdebug.org]]></url><copyright><![CDATA[Copyright (c) 2002-2022 by Derick Rethans]]></copyright></init>

[814] [Step Debug] -> <init xmlns="urn:debugger_protocol_v1" xmlns:xdebug="https://xdebug.org/dbgp/xdebug" fileuri="file:///srv/app/public/index.php" language="PHP" xdebug:language_version="8.1.16" protocol_version="1.0" appid="814" idekey="PHPSTORM"><engine version="3.2.0"><![CDATA[Xdebug]]></engine><author><![CDATA[Derick Rethans]]></author><url><![CDATA[https://xdebug.org]]></url><copyright><![CDATA[Copyright (c) 2002-2022 by Derick Rethans]]></copyright></init>

[618] [Step Debug] <- feature_set -i 1 -n show_hidden -v 1
[814] [Step Debug] <- feature_set -i 1 -n show_hidden -v 1
[618] [Step Debug] -> <response xmlns="urn:debugger_protocol_v1" xmlns:xdebug="https://xdebug.org/dbgp/xdebug" command="feature_set" transaction_id="1" feature="show_hidden" success="1"></response>

[814] [Step Debug] -> <response xmlns="urn:debugger_protocol_v1" xmlns:xdebug="https://xdebug.org/dbgp/xdebug" command="feature_set" transaction_id="1" feature="show_hidden" success="1"></response>

[814] [Step Debug] <- feature_set -i 2 -n max_depth -v 1
[618] [Step Debug] <- feature_set -i 2 -n max_depth -v 1
[814] [Step Debug] -> <response xmlns="urn:debugger_protocol_v1" xmlns:xdebug="https://xdebug.org/dbgp/xdebug" command="feature_set" transaction_id="2" feature="max_depth" success="1"></response>

[618] [Step Debug] -> <response xmlns="urn:debugger_protocol_v1" xmlns:xdebug="https://xdebug.org/dbgp/xdebug" command="feature_set" transaction_id="2" feature="max_depth" success="1"></response>

[814] [Step Debug] <- feature_set -i 3 -n max_children -v 100
[618] [Step Debug] <- feature_set -i 3 -n max_children -v 100
[814] [Step Debug] -> <response xmlns="urn:debugger_protocol_v1" xmlns:xdebug="https://xdebug.org/dbgp/xdebug" command="feature_set" transaction_id="3" feature="max_children" success="1"></response>

[618] [Step Debug] -> <response xmlns="urn:debugger_protocol_v1" xmlns:xdebug="https://xdebug.org/dbgp/xdebug" command="feature_set" transaction_id="3" feature="max_children" success="1"></response>

[814] [Step Debug] <- feature_set -i 4 -n extended_properties -v 1
[618] [Step Debug] <- feature_set -i 4 -n extended_properties -v 1
[814] [Step Debug] -> <response xmlns="urn:debugger_protocol_v1" xmlns:xdebug="https://xdebug.org/dbgp/xdebug" command="feature_set" transaction_id="4" feature="extended_properties" success="1"></response>

[618] [Step Debug] -> <response xmlns="urn:debugger_protocol_v1" xmlns:xdebug="https://xdebug.org/dbgp/xdebug" command="feature_set" transaction_id="4" feature="extended_properties" success="1"></response>

[814] [Step Debug] <- feature_set -i 5 -n notify_ok -v 1
[814] [Step Debug] -> <response xmlns="urn:debugger_protocol_v1" xmlns:xdebug="https://xdebug.org/dbgp/xdebug" command="feature_set" transaction_id="5" feature="notify_ok" success="1"></response>

[618] [Step Debug] <- feature_set -i 5 -n notify_ok -v 1
[618] [Step Debug] -> <response xmlns="urn:debugger_protocol_v1" xmlns:xdebug="https://xdebug.org/dbgp/xdebug" command="feature_set" transaction_id="5" feature="notify_ok" success="1"></response>

[814] [Step Debug] <- feature_set -i 6 -n resolved_breakpoints -v 1
[814] [Step Debug] -> <response xmlns="urn:debugger_protocol_v1" xmlns:xdebug="https://xdebug.org/dbgp/xdebug" command="feature_set" transaction_id="6" feature="resolved_breakpoints" success="1"></response>

[618] [Step Debug] <- feature_set -i 6 -n resolved_breakpoints -v 1
[618] [Step Debug] -> <response xmlns="urn:debugger_protocol_v1" xmlns:xdebug="https://xdebug.org/dbgp/xdebug" command="feature_set" transaction_id="6" feature="resolved_breakpoints" success="1"></response>

[814] [Step Debug] <- feature_set -i 7 -n breakpoint_include_return_value -v 1
[814] [Step Debug] -> <response xmlns="urn:debugger_protocol_v1" xmlns:xdebug="https://xdebug.org/dbgp/xdebug" command="feature_set" transaction_id="7" feature="breakpoint_include_return_value" success="1"></response>

[618] [Step Debug] <- feature_set -i 7 -n breakpoint_include_return_value -v 1
[618] [Step Debug] -> <response xmlns="urn:debugger_protocol_v1" xmlns:xdebug="https://xdebug.org/dbgp/xdebug" command="feature_set" transaction_id="7" feature="breakpoint_include_return_value" success="1"></response>

[814] [Step Debug] <- stdout -i 8 -c 1
[814] [Step Debug] -> <response xmlns="urn:debugger_protocol_v1" xmlns:xdebug="https://xdebug.org/dbgp/xdebug" command="stdout" transaction_id="8" success="1"></response>

[618] [Step Debug] <- stdout -i 8 -c 1
[618] [Step Debug] -> <response xmlns="urn:debugger_protocol_v1" xmlns:xdebug="https://xdebug.org/dbgp/xdebug" command="stdout" transaction_id="8" success="1"></response>

[814] [Step Debug] <- status -i 9
[814] [Step Debug] -> <response xmlns="urn:debugger_protocol_v1" xmlns:xdebug="https://xdebug.org/dbgp/xdebug" command="status" transaction_id="9" status="starting" reason="ok"></response>

[618] [Step Debug] <- status -i 9
[618] [Step Debug] -> <response xmlns="urn:debugger_protocol_v1" xmlns:xdebug="https://xdebug.org/dbgp/xdebug" command="status" transaction_id="9" status="starting" reason="ok"></response>

[814] [Step Debug] <- step_into -i 10
[618] [Step Debug] <- step_into -i 10
[618] [Step Debug] -> <response xmlns="urn:debugger_protocol_v1" xmlns:xdebug="https://xdebug.org/dbgp/xdebug" command="step_into" transaction_id="10" status="break" reason="ok"><xdebug:message filename="file:///srv/app/public/index.php" lineno="6"></xdebug:message></response>

[814] [Step Debug] -> <response xmlns="urn:debugger_protocol_v1" xmlns:xdebug="https://xdebug.org/dbgp/xdebug" command="step_into" transaction_id="10" status="break" reason="ok"><xdebug:message filename="file:///srv/app/public/index.php" lineno="6"></xdebug:message></response>

[618] [Step Debug] <- eval -i 11 -- aXNzZXQoJF9TRVJWRVJbJ1BIUF9JREVfQ09ORklHJ10p
[814] [Step Debug] <- eval -i 11 -- aXNzZXQoJF9TRVJWRVJbJ1BIUF9JREVfQ09ORklHJ10p
[814] [Step Debug] -> <response xmlns="urn:debugger_protocol_v1" xmlns:xdebug="https://xdebug.org/dbgp/xdebug" command="eval" transaction_id="11"><property type="bool"><![CDATA[0]]></property></response>

[618] [Step Debug] -> <response xmlns="urn:debugger_protocol_v1" xmlns:xdebug="https://xdebug.org/dbgp/xdebug" command="eval" transaction_id="11"><property type="bool"><![CDATA[0]]></property></response>

[618] [Step Debug] <- eval -i 12 -- aXNzZXQoJF9TRVJWRVJbJ1NFUlZFUl9OQU1FJ10p
[814] [Step Debug] <- eval -i 12 -- aXNzZXQoJF9TRVJWRVJbJ1NFUlZFUl9OQU1FJ10p
[618] [Step Debug] -> <response xmlns="urn:debugger_protocol_v1" xmlns:xdebug="https://xdebug.org/dbgp/xdebug" command="eval" transaction_id="12"><property type="bool"><![CDATA[1]]></property></response>

[814] [Step Debug] -> <response xmlns="urn:debugger_protocol_v1" xmlns:xdebug="https://xdebug.org/dbgp/xdebug" command="eval" transaction_id="12"><property type="bool"><![CDATA[1]]></property></response>

[618] [Step Debug] <- eval -i 13 -- KHN0cmluZykoJF9TRVJWRVJbJ1NFUlZFUl9OQU1FJ10p
[814] [Step Debug] <- eval -i 13 -- KHN0cmluZykoJF9TRVJWRVJbJ1NFUlZFUl9OQU1FJ10p
[618] [Step Debug] -> <response xmlns="urn:debugger_protocol_v1" xmlns:xdebug="https://xdebug.org/dbgp/xdebug" command="eval" transaction_id="13"><property type="string" size="9" encoding="base64"><![CDATA[bG9jYWxob3N0]]></property></response>

[814] [Step Debug] -> <response xmlns="urn:debugger_protocol_v1" xmlns:xdebug="https://xdebug.org/dbgp/xdebug" command="eval" transaction_id="13"><property type="string" size="9" encoding="base64"><![CDATA[bG9jYWxob3N0]]></property></response>

[618] [Step Debug] <- eval -i 14 -- KHN0cmluZykoJF9TRVJWRVJbJ1NFUlZFUl9QT1JUJ10p
[814] [Step Debug] <- eval -i 14 -- KHN0cmluZykoJF9TRVJWRVJbJ1NFUlZFUl9QT1JUJ10p
[618] [Step Debug] -> <response xmlns="urn:debugger_protocol_v1" xmlns:xdebug="https://xdebug.org/dbgp/xdebug" command="eval" transaction_id="14"><property type="string" size="2" encoding="base64"><![CDATA[ODA=]]></property></response>

[814] [Step Debug] -> <response xmlns="urn:debugger_protocol_v1" xmlns:xdebug="https://xdebug.org/dbgp/xdebug" command="eval" transaction_id="14"><property type="string" size="2" encoding="base64"><![CDATA[ODA=]]></property></response>

[814] [Step Debug] <- eval -i 15 -- KHN0cmluZykoJF9TRVJWRVJbJ1JFUVVFU1RfVVJJJ10p
[618] [Step Debug] <- eval -i 15 -- KHN0cmluZykoJF9TRVJWRVJbJ1JFUVVFU1RfVVJJJ10p
[618] [Step Debug] -> <response xmlns="urn:debugger_protocol_v1" xmlns:xdebug="https://xdebug.org/dbgp/xdebug" command="eval" transaction_id="15"><property type="string" size="37" encoding="base64"><![CDATA[L1NlcnZlck1hbmFnZXIvYXBpL2Jyb3dzZUdhbWVTYXZlLnBocA==]]></property></response>

[814] [Step Debug] -> <response xmlns="urn:debugger_protocol_v1" xmlns:xdebug="https://xdebug.org/dbgp/xdebug" command="eval" transaction_id="15"><property type="string" size="40" encoding="base64"><![CDATA[L1NlcnZlck1hbmFnZXIvYXBpL2Jyb3dzZUdhbWVTZXNzaW9uLnBocA==]]></property></response>

[618] [Step Debug] <- breakpoint_set -i 16 -t line -f file:///srv/app/api/v1/GeoServer.php -n 84
[618] [Step Debug] -> <response xmlns="urn:debugger_protocol_v1" xmlns:xdebug="https://xdebug.org/dbgp/xdebug" command="breakpoint_set" transaction_id="16" id="6180011" resolved="unresolved"></response>

[618] [Step Debug] <- stack_get -i 17
[618] [Step Debug] -> <response xmlns="urn:debugger_protocol_v1" xmlns:xdebug="https://xdebug.org/dbgp/xdebug" command="stack_get" transaction_id="17"><stack where="{main}" level="0" type="file" filename="file:///srv/app/public/index.php" lineno="6"></stack></response>

[618] [Step Debug] <- run -i 18
[814] [Step Debug] <- breakpoint_set -i 16 -t line -f file:///srv/app/api/v1/GeoServer.php -n 84
[814] [Step Debug] -> <response xmlns="urn:debugger_protocol_v1" xmlns:xdebug="https://xdebug.org/dbgp/xdebug" command="breakpoint_set" transaction_id="16" id="8140002" resolved="unresolved"></response>

[814] [Step Debug] <- stack_get -i 17
[814] [Step Debug] -> <response xmlns="urn:debugger_protocol_v1" xmlns:xdebug="https://xdebug.org/dbgp/xdebug" command="stack_get" transaction_id="17"><stack where="{main}" level="0" type="file" filename="file:///srv/app/public/index.php" lineno="6"></stack></response>

[814] [Step Debug] <- run -i 18
[618] [Step Debug] -> <stream xmlns="urn:debugger_protocol_v1" xmlns:xdebug="https://xdebug.org/dbgp/xdebug" type="stdout" encoding="base64"><![CDATA[RXhwaXJlczogVGh1LCAxOSBOb3YgMTk4MSAwODo1MjowMCBHTVQ=]]></stream>

[618] [Step Debug] -> <stream xmlns="urn:debugger_protocol_v1" xmlns:xdebug="https://xdebug.org/dbgp/xdebug" type="stdout" encoding="base64"><![CDATA[DQo=]]></stream>

[618] [Step Debug] -> <stream xmlns="urn:debugger_protocol_v1" xmlns:xdebug="https://xdebug.org/dbgp/xdebug" type="stdout" encoding="base64"><![CDATA[Q2FjaGUtQ29udHJvbDogbm8tc3RvcmUsIG5vLWNhY2hlLCBtdXN0LXJldmFsaWRhdGU=]]></stream>

[618] [Step Debug] -> <stream xmlns="urn:debugger_protocol_v1" xmlns:xdebug="https://xdebug.org/dbgp/xdebug" type="stdout" encoding="base64"><![CDATA[DQo=]]></stream>

[618] [Step Debug] -> <stream xmlns="urn:debugger_protocol_v1" xmlns:xdebug="https://xdebug.org/dbgp/xdebug" type="stdout" encoding="base64"><![CDATA[UHJhZ21hOiBuby1jYWNoZQ==]]></stream>

[618] [Step Debug] -> <stream xmlns="urn:debugger_protocol_v1" xmlns:xdebug="https://xdebug.org/dbgp/xdebug" type="stdout" encoding="base64"><![CDATA[DQo=]]></stream>

[618] [Step Debug] -> <stream xmlns="urn:debugger_protocol_v1" xmlns:xdebug="https://xdebug.org/dbgp/xdebug" type="stdout" encoding="base64"><![CDATA[Q29udGVudC10eXBlOiBhcHBsaWNhdGlvbi9qc29u]]></stream>

[618] [Step Debug] -> <stream xmlns="urn:debugger_protocol_v1" xmlns:xdebug="https://xdebug.org/dbgp/xdebug" type="stdout" encoding="base64"><![CDATA[DQo=]]></stream>

[618] [Step Debug] -> <stream xmlns="urn:debugger_protocol_v1" xmlns:xdebug="https://xdebug.org/dbgp/xdebug" type="stdout" encoding="base64"><![CDATA[DQo=]]></stream>

[618] [Step Debug] -> <stream xmlns="urn:debugger_protocol_v1" xmlns:xdebug="https://xdebug.org/dbgp/xdebug" type="stdout" encoding="base64"><![CDATA[eyJzdWNjZXNzIjp0cnVlLCJtZXNzYWdlIjoiIiwiY291bnQiOjAsInNhdmVzbGlzdCI6W119]]></stream>

[618] [Step Debug] -> <response xmlns="urn:debugger_protocol_v1" xmlns:xdebug="https://xdebug.org/dbgp/xdebug" command="run" transaction_id="18" status="stopping" reason="ok"></response>

[618] [Step Debug] <- detach -i 19
[618] [Step Debug] -> <response xmlns="urn:debugger_protocol_v1" xmlns:xdebug="https://xdebug.org/dbgp/xdebug" command="detach" transaction_id="19" status="stopping" reason="ok"></response>

[618] Log closed at 2023-03-16 11:04:15.908847

[814] [Step Debug] -> <stream xmlns="urn:debugger_protocol_v1" xmlns:xdebug="https://xdebug.org/dbgp/xdebug" type="stdout" encoding="base64"><![CDATA[RXhwaXJlczogVGh1LCAxOSBOb3YgMTk4MSAwODo1MjowMCBHTVQ=]]></stream>

[814] [Step Debug] -> <stream xmlns="urn:debugger_protocol_v1" xmlns:xdebug="https://xdebug.org/dbgp/xdebug" type="stdout" encoding="base64"><![CDATA[DQo=]]></stream>

[814] [Step Debug] -> <stream xmlns="urn:debugger_protocol_v1" xmlns:xdebug="https://xdebug.org/dbgp/xdebug" type="stdout" encoding="base64"><![CDATA[Q2FjaGUtQ29udHJvbDogbm8tc3RvcmUsIG5vLWNhY2hlLCBtdXN0LXJldmFsaWRhdGU=]]></stream>

[814] [Step Debug] -> <stream xmlns="urn:debugger_protocol_v1" xmlns:xdebug="https://xdebug.org/dbgp/xdebug" type="stdout" encoding="base64"><![CDATA[DQo=]]></stream>

[814] [Step Debug] -> <stream xmlns="urn:debugger_protocol_v1" xmlns:xdebug="https://xdebug.org/dbgp/xdebug" type="stdout" encoding="base64"><![CDATA[UHJhZ21hOiBuby1jYWNoZQ==]]></stream>

[814] [Step Debug] -> <stream xmlns="urn:debugger_protocol_v1" xmlns:xdebug="https://xdebug.org/dbgp/xdebug" type="stdout" encoding="base64"><![CDATA[DQo=]]></stream>

[814] [Step Debug] -> <stream xmlns="urn:debugger_protocol_v1" xmlns:xdebug="https://xdebug.org/dbgp/xdebug" type="stdout" encoding="base64"><![CDATA[Q29udGVudC10eXBlOiBhcHBsaWNhdGlvbi9qc29u]]></stream>

[814] [Step Debug] -> <stream xmlns="urn:debugger_protocol_v1" xmlns:xdebug="https://xdebug.org/dbgp/xdebug" type="stdout" encoding="base64"><![CDATA[DQo=]]></stream>

[814] [Step Debug] -> <stream xmlns="urn:debugger_protocol_v1" xmlns:xdebug="https://xdebug.org/dbgp/xdebug" type="stdout" encoding="base64"><![CDATA[DQo=]]></stream>

[814] [Step Debug] -> <stream xmlns="urn:debugger_protocol_v1" xmlns:xdebug="https://xdebug.org/dbgp/xdebug" type="stdout" encoding="base64"><![CDATA[eyJzdWNjZXNzIjp0cnVlLCJtZXNzYWdlIjoiIiwiY291bnQiOjAsInNlc3Npb25zbGlzdCI6W119]]></stream>

[814] [Step Debug] -> <response xmlns="urn:debugger_protocol_v1" xmlns:xdebug="https://xdebug.org/dbgp/xdebug" command="run" transaction_id="18" status="stopping" reason="ok"></response>

[814] [Step Debug] <- detach -i 19
[814] [Step Debug] -> <response xmlns="urn:debugger_protocol_v1" xmlns:xdebug="https://xdebug.org/dbgp/xdebug" command="detach" transaction_id="19" status="stopping" reason="ok"></response>

[814] Log closed at 2023-03-16 11:04:16.054860

